Analysis & Synthesis report for Lab2
Fri May 21 15:37:39 2021
Quartus Prime Version 16.1.2 Build 203 01/18/2017 SJ Lite Edition


---------------------
; Table of Contents ;
---------------------
  1. Legal Notice
  2. Analysis & Synthesis Summary
  3. Analysis & Synthesis Settings
  4. Parallel Compilation
  5. Analysis & Synthesis Source Files Read
  6. Analysis & Synthesis Resource Usage Summary
  7. Analysis & Synthesis Resource Utilization by Entity
  8. Analysis & Synthesis IP Cores Summary
  9. General Register Statistics
 10. Inverted Register Statistics
 11. Multiplexer Restructuring Statistics (Restructuring Performed)
 12. Parameter Settings for User Entity Instance: Lab2_1:Lab2_1_inst|altera_avalon_sc_fifo:sc_fifo_0
 13. Port Connectivity Checks: "Lab2_1:Lab2_1_inst|altera_avalon_sc_fifo:sc_fifo_0"
 14. Post-Synthesis Netlist Statistics for Top Partition
 15. Elapsed Time Per Partition
 16. Analysis & Synthesis Messages



----------------
; Legal Notice ;
----------------
Copyright (C) 2017  Intel Corporation. All rights reserved.
Your use of Intel Corporation's design tools, logic functions 
and other software and tools, and its AMPP partner logic 
functions, and any output files from any of the foregoing 
(including device programming or simulation files), and any 
associated documentation or information are expressly subject 
to the terms and conditions of the Intel Program License 
Subscription Agreement, the Intel Quartus Prime License Agreement,
the Intel MegaCore Function License Agreement, or other 
applicable license agreement, including, without limitation, 
that your use is for the sole purpose of programming logic 
devices manufactured by Intel and sold by Intel or its 
authorized distributors.  Please refer to the applicable 
agreement for further details.



+----------------------------------------------------------------------------------+
; Analysis & Synthesis Summary                                                     ;
+------------------------------------+---------------------------------------------+
; Analysis & Synthesis Status        ; Successful - Fri May 21 15:37:39 2021       ;
; Quartus Prime Version              ; 16.1.2 Build 203 01/18/2017 SJ Lite Edition ;
; Revision Name                      ; Lab2                                        ;
; Top-level Entity Name              ; Lab2_top                                    ;
; Family                             ; Cyclone IV E                                ;
; Total logic elements               ; 178                                         ;
;     Total combinational functions  ; 109                                         ;
;     Dedicated logic registers      ; 98                                          ;
; Total registers                    ; 98                                          ;
; Total pins                         ; 6                                           ;
; Total virtual pins                 ; 0                                           ;
; Total memory bits                  ; 0                                           ;
; Embedded Multiplier 9-bit elements ; 0                                           ;
; Total PLLs                         ; 0                                           ;
+------------------------------------+---------------------------------------------+


+----------------------------------------------------------------------------------------------------------------------+
; Analysis & Synthesis Settings                                                                                        ;
+----------------------------------------------------------------------------+--------------------+--------------------+
; Option                                                                     ; Setting            ; Default Value      ;
+----------------------------------------------------------------------------+--------------------+--------------------+
; Device                                                                     ; EP4CE6E22C8        ;                    ;
; Top-level entity name                                                      ; Lab2_top           ; Lab2               ;
; Family name                                                                ; Cyclone IV E       ; Cyclone V          ;
; Use smart compilation                                                      ; On                 ; Off                ;
; Maximum processors allowed for parallel compilation                        ; All                ;                    ;
; Enable parallel Assembler and TimeQuest Timing Analyzer during compilation ; On                 ; On                 ;
; Enable compact report table                                                ; Off                ; Off                ;
; Restructure Multiplexers                                                   ; Auto               ; Auto               ;
; Create Debugging Nodes for IP Cores                                        ; Off                ; Off                ;
; Preserve fewer node names                                                  ; On                 ; On                 ;
; OpenCore Plus hardware evaluation                                          ; Enable             ; Enable             ;
; Verilog Version                                                            ; Verilog_2001       ; Verilog_2001       ;
; VHDL Version                                                               ; VHDL_1993          ; VHDL_1993          ;
; State Machine Processing                                                   ; Auto               ; Auto               ;
; Safe State Machine                                                         ; Off                ; Off                ;
; Extract Verilog State Machines                                             ; On                 ; On                 ;
; Extract VHDL State Machines                                                ; On                 ; On                 ;
; Ignore Verilog initial constructs                                          ; Off                ; Off                ;
; Iteration limit for constant Verilog loops                                 ; 5000               ; 5000               ;
; Iteration limit for non-constant Verilog loops                             ; 250                ; 250                ;
; Add Pass-Through Logic to Inferred RAMs                                    ; On                 ; On                 ;
; Infer RAMs from Raw Logic                                                  ; On                 ; On                 ;
; Parallel Synthesis                                                         ; On                 ; On                 ;
; DSP Block Balancing                                                        ; Auto               ; Auto               ;
; NOT Gate Push-Back                                                         ; On                 ; On                 ;
; Power-Up Don't Care                                                        ; On                 ; On                 ;
; Remove Redundant Logic Cells                                               ; Off                ; Off                ;
; Remove Duplicate Registers                                                 ; On                 ; On                 ;
; Ignore CARRY Buffers                                                       ; Off                ; Off                ;
; Ignore CASCADE Buffers                                                     ; Off                ; Off                ;
; Ignore GLOBAL Buffers                                                      ; Off                ; Off                ;
; Ignore ROW GLOBAL Buffers                                                  ; Off                ; Off                ;
; Ignore LCELL Buffers                                                       ; Off                ; Off                ;
; Ignore SOFT Buffers                                                        ; On                 ; On                 ;
; Limit AHDL Integers to 32 Bits                                             ; Off                ; Off                ;
; Optimization Technique                                                     ; Balanced           ; Balanced           ;
; Carry Chain Length                                                         ; 70                 ; 70                 ;
; Auto Carry Chains                                                          ; On                 ; On                 ;
; Auto Open-Drain Pins                                                       ; On                 ; On                 ;
; Perform WYSIWYG Primitive Resynthesis                                      ; Off                ; Off                ;
; Auto ROM Replacement                                                       ; On                 ; On                 ;
; Auto RAM Replacement                                                       ; On                 ; On                 ;
; Auto DSP Block Replacement                                                 ; On                 ; On                 ;
; Auto Shift Register Replacement                                            ; Auto               ; Auto               ;
; Allow Shift Register Merging across Hierarchies                            ; Auto               ; Auto               ;
; Auto Clock Enable Replacement                                              ; On                 ; On                 ;
; Strict RAM Replacement                                                     ; Off                ; Off                ;
; Allow Synchronous Control Signals                                          ; On                 ; On                 ;
; Force Use of Synchronous Clear Signals                                     ; Off                ; Off                ;
; Auto RAM Block Balancing                                                   ; On                 ; On                 ;
; Auto RAM to Logic Cell Conversion                                          ; Off                ; Off                ;
; Auto Resource Sharing                                                      ; Off                ; Off                ;
; Allow Any RAM Size For Recognition                                         ; Off                ; Off                ;
; Allow Any ROM Size For Recognition                                         ; Off                ; Off                ;
; Allow Any Shift Register Size For Recognition                              ; Off                ; Off                ;
; Use LogicLock Constraints during Resource Balancing                        ; On                 ; On                 ;
; Ignore translate_off and synthesis_off directives                          ; Off                ; Off                ;
; Timing-Driven Synthesis                                                    ; On                 ; On                 ;
; Report Parameter Settings                                                  ; On                 ; On                 ;
; Report Source Assignments                                                  ; On                 ; On                 ;
; Report Connectivity Checks                                                 ; On                 ; On                 ;
; Ignore Maximum Fan-Out Assignments                                         ; Off                ; Off                ;
; Synchronization Register Chain Length                                      ; 2                  ; 2                  ;
; PowerPlay Power Optimization During Synthesis                              ; Normal compilation ; Normal compilation ;
; HDL message level                                                          ; Level2             ; Level2             ;
; Suppress Register Optimization Related Messages                            ; Off                ; Off                ;
; Number of Removed Registers Reported in Synthesis Report                   ; 5000               ; 5000               ;
; Number of Swept Nodes Reported in Synthesis Report                         ; 5000               ; 5000               ;
; Number of Inverted Registers Reported in Synthesis Report                  ; 100                ; 100                ;
; Clock MUX Protection                                                       ; On                 ; On                 ;
; Auto Gated Clock Conversion                                                ; Off                ; Off                ;
; Block Design Naming                                                        ; Auto               ; Auto               ;
; SDC constraint protection                                                  ; Off                ; Off                ;
; Synthesis Effort                                                           ; Auto               ; Auto               ;
; Shift Register Replacement - Allow Asynchronous Clear Signal               ; On                 ; On                 ;
; Pre-Mapping Resynthesis Optimization                                       ; Off                ; Off                ;
; Analysis & Synthesis Message Level                                         ; Medium             ; Medium             ;
; Disable Register Merging Across Hierarchies                                ; Auto               ; Auto               ;
; Resource Aware Inference For Block RAM                                     ; On                 ; On                 ;
+----------------------------------------------------------------------------+--------------------+--------------------+


+------------------------------------------+
; Parallel Compilation                     ;
+----------------------------+-------------+
; Processors                 ; Number      ;
+----------------------------+-------------+
; Number detected on machine ; 4           ;
; Maximum allowed            ; 2           ;
;                            ;             ;
; Average used               ; 1.00        ;
; Maximum used               ; 2           ;
;                            ;             ;
; Usage by Processor         ; % Time Used ;
;     Processor 1            ; 100.0%      ;
;     Processor 2            ;   0.0%      ;
+----------------------------+-------------+


+----------------------------------------------------------------------------------------------------------------------------------------------------------------------------------------------------+
; Analysis & Synthesis Source Files Read                                                                                                                                                             ;
+-----------------------------------------------------+-----------------+------------------------------+-----------------------------------------------------------------------------------+---------+
; File Name with User-Entered Path                    ; Used in Netlist ; File Type                    ; File Name with Absolute Path                                                      ; Library ;
+-----------------------------------------------------+-----------------+------------------------------+-----------------------------------------------------------------------------------+---------+
; Lab2_1/synthesis/Lab2_1.v                           ; yes             ; User Verilog HDL File        ; C:/Intel_trn/Baraev/Q_PD/Lab2/Lab2_1/synthesis/Lab2_1.v                           ; Lab2_1  ;
; Lab2_1/synthesis/submodules/altera_avalon_sc_fifo.v ; yes             ; User Verilog HDL File        ; C:/Intel_trn/Baraev/Q_PD/Lab2/Lab2_1/synthesis/submodules/altera_avalon_sc_fifo.v ; Lab2_1  ;
; Lab2_1/synthesis/submodules/MyST_source.sv          ; yes             ; User SystemVerilog HDL File  ; C:/Intel_trn/Baraev/Q_PD/Lab2/Lab2_1/synthesis/submodules/MyST_source.sv          ; Lab2_1  ;
; Lab2_1/synthesis/submodules/MyST_sink.sv            ; yes             ; User SystemVerilog HDL File  ; C:/Intel_trn/Baraev/Q_PD/Lab2/Lab2_1/synthesis/submodules/MyST_sink.sv            ; Lab2_1  ;
; Lab2_top.sv                                         ; yes             ; User SystemVerilog HDL File  ; C:/Intel_trn/Baraev/Q_PD/Lab2/Lab2_top.sv                                         ;         ;
+-----------------------------------------------------+-----------------+------------------------------+-----------------------------------------------------------------------------------+---------+


+---------------------------------------------------------+
; Analysis & Synthesis Resource Usage Summary             ;
+---------------------------------------------+-----------+
; Resource                                    ; Usage     ;
+---------------------------------------------+-----------+
; Estimated Total logic elements              ; 178       ;
;                                             ;           ;
; Total combinational functions               ; 109       ;
; Logic element usage by number of LUT inputs ;           ;
;     -- 4 input functions                    ; 72        ;
;     -- 3 input functions                    ; 22        ;
;     -- <=2 input functions                  ; 15        ;
;                                             ;           ;
; Logic elements by mode                      ;           ;
;     -- normal mode                          ; 106       ;
;     -- arithmetic mode                      ; 3         ;
;                                             ;           ;
; Total registers                             ; 98        ;
;     -- Dedicated logic registers            ; 98        ;
;     -- I/O registers                        ; 0         ;
;                                             ;           ;
; I/O pins                                    ; 6         ;
;                                             ;           ;
; Embedded Multiplier 9-bit elements          ; 0         ;
;                                             ;           ;
; Maximum fan-out node                        ; clk~input ;
; Maximum fan-out                             ; 98        ;
; Total fan-out                               ; 690       ;
; Average fan-out                             ; 3.15      ;
+---------------------------------------------+-----------+


+--------------------------------------------------------------------------------------------------------------------------------------------------------------------------------------------------------------------------------------------------------------------------+
; Analysis & Synthesis Resource Utilization by Entity                                                                                                                                                                                                                      ;
+-----------------------------------------+---------------------+---------------------------+-------------+--------------+---------+-----------+------+--------------+--------------------------------------------------------------+-----------------------+--------------+
; Compilation Hierarchy Node              ; Combinational ALUTs ; Dedicated Logic Registers ; Memory Bits ; DSP Elements ; DSP 9x9 ; DSP 18x18 ; Pins ; Virtual Pins ; Full Hierarchy Name                                          ; Entity Name           ; Library Name ;
+-----------------------------------------+---------------------+---------------------------+-------------+--------------+---------+-----------+------+--------------+--------------------------------------------------------------+-----------------------+--------------+
; |Lab2_top                               ; 109 (0)             ; 98 (0)                    ; 0           ; 0            ; 0       ; 0         ; 6    ; 0            ; |Lab2_top                                                    ; Lab2_top              ; work         ;
;    |Lab2_1:Lab2_1_inst|                 ; 109 (0)             ; 98 (0)                    ; 0           ; 0            ; 0       ; 0         ; 0    ; 0            ; |Lab2_top|Lab2_1:Lab2_1_inst                                 ; Lab2_1                ; Lab2_1       ;
;       |MyST_sink:myst_sink_0|           ; 10 (10)             ; 9 (9)                     ; 0           ; 0            ; 0       ; 0         ; 0    ; 0            ; |Lab2_top|Lab2_1:Lab2_1_inst|MyST_sink:myst_sink_0           ; MyST_sink             ; Lab2_1       ;
;       |MyST_source:myst_source_0|       ; 5 (5)               ; 5 (5)                     ; 0           ; 0            ; 0       ; 0         ; 0    ; 0            ; |Lab2_top|Lab2_1:Lab2_1_inst|MyST_source:myst_source_0       ; MyST_source           ; Lab2_1       ;
;       |altera_avalon_sc_fifo:sc_fifo_0| ; 94 (94)             ; 84 (84)                   ; 0           ; 0            ; 0       ; 0         ; 0    ; 0            ; |Lab2_top|Lab2_1:Lab2_1_inst|altera_avalon_sc_fifo:sc_fifo_0 ; altera_avalon_sc_fifo ; Lab2_1       ;
+-----------------------------------------+---------------------+---------------------------+-------------+--------------+---------+-----------+------+--------------+--------------------------------------------------------------+-----------------------+--------------+
Note: For table entries with two numbers listed, the numbers in parentheses indicate the number of resources of the given type used by the specific entity alone. The numbers listed outside of parentheses indicate the total resources of the given type used by the specific entity and all of its sub-entities in the hierarchy.


+---------------------------------------------------------------------------------------------------------------------------------------------------------+
; Analysis & Synthesis IP Cores Summary                                                                                                                   ;
+--------+-----------------------+---------+--------------+--------------+--------------------------------------------------------------+-----------------+
; Vendor ; IP Core Name          ; Version ; Release Date ; License Type ; Entity Instance                                              ; IP Include File ;
+--------+-----------------------+---------+--------------+--------------+--------------------------------------------------------------+-----------------+
; N/A    ; Qsys                  ; 16.1    ; N/A          ; N/A          ; |Lab2_top|Lab2_1:Lab2_1_inst                                 ; Lab2_1.qsys     ;
; Altera ; altera_avalon_sc_fifo ; 16.1    ; N/A          ; N/A          ; |Lab2_top|Lab2_1:Lab2_1_inst|altera_avalon_sc_fifo:sc_fifo_0 ; Lab2_1.qsys     ;
+--------+-----------------------+---------+--------------+--------------+--------------------------------------------------------------+-----------------+


+------------------------------------------------------+
; General Register Statistics                          ;
+----------------------------------------------+-------+
; Statistic                                    ; Value ;
+----------------------------------------------+-------+
; Total registers                              ; 98    ;
; Number of registers using Synchronous Clear  ; 9     ;
; Number of registers using Synchronous Load   ; 0     ;
; Number of registers using Asynchronous Clear ; 16    ;
; Number of registers using Asynchronous Load  ; 0     ;
; Number of registers using Clock Enable       ; 77    ;
; Number of registers using Preset             ; 0     ;
+----------------------------------------------+-------+


+--------------------------------------------------------------------+
; Inverted Register Statistics                                       ;
+----------------------------------------------------------+---------+
; Inverted Register                                        ; Fan out ;
+----------------------------------------------------------+---------+
; Lab2_1:Lab2_1_inst|altera_avalon_sc_fifo:sc_fifo_0|empty ; 2       ;
; Total number of inverted registers = 1                   ;         ;
+----------------------------------------------------------+---------+


+---------------------------------------------------------------------------------------------------------------------------------------------------------------------------------+
; Multiplexer Restructuring Statistics (Restructuring Performed)                                                                                                                  ;
+--------------------+-----------+---------------+----------------------+------------------------+------------+-------------------------------------------------------------------+
; Multiplexer Inputs ; Bus Width ; Baseline Area ; Area if Restructured ; Saving if Restructured ; Registered ; Example Multiplexer Output                                        ;
+--------------------+-----------+---------------+----------------------+------------------------+------------+-------------------------------------------------------------------+
; 3:1                ; 4 bits    ; 8 LEs         ; 4 LEs                ; 4 LEs                  ; Yes        ; |Lab2_top|Lab2_1:Lab2_1_inst|MyST_sink:myst_sink_0|coe_c0_Dout[0] ;
+--------------------+-----------+---------------+----------------------+------------------------+------------+-------------------------------------------------------------------+


+-------------------------------------------------------------------------------------------------+
; Parameter Settings for User Entity Instance: Lab2_1:Lab2_1_inst|altera_avalon_sc_fifo:sc_fifo_0 ;
+---------------------+-------+-------------------------------------------------------------------+
; Parameter Name      ; Value ; Type                                                              ;
+---------------------+-------+-------------------------------------------------------------------+
; SYMBOLS_PER_BEAT    ; 1     ; Signed Integer                                                    ;
; BITS_PER_SYMBOL     ; 4     ; Signed Integer                                                    ;
; FIFO_DEPTH          ; 16    ; Signed Integer                                                    ;
; CHANNEL_WIDTH       ; 0     ; Signed Integer                                                    ;
; ERROR_WIDTH         ; 0     ; Signed Integer                                                    ;
; USE_PACKETS         ; 0     ; Signed Integer                                                    ;
; USE_FILL_LEVEL      ; 0     ; Signed Integer                                                    ;
; USE_STORE_FORWARD   ; 0     ; Signed Integer                                                    ;
; USE_ALMOST_FULL_IF  ; 0     ; Signed Integer                                                    ;
; USE_ALMOST_EMPTY_IF ; 0     ; Signed Integer                                                    ;
; EMPTY_LATENCY       ; 3     ; Signed Integer                                                    ;
; USE_MEMORY_BLOCKS   ; 1     ; Signed Integer                                                    ;
; DATA_WIDTH          ; 4     ; Signed Integer                                                    ;
; EMPTY_WIDTH         ; 0     ; Signed Integer                                                    ;
+---------------------+-------+-------------------------------------------------------------------+
Note: In order to hide this table in the UI and the text report file, please set the "Show Parameter Settings in Synthesis Report" option in "Analysis and Synthesis Settings -> More Settings" to "Off".


+--------------------------------------------------------------------------------+
; Port Connectivity Checks: "Lab2_1:Lab2_1_inst|altera_avalon_sc_fifo:sc_fifo_0" ;
+-------------------+--------+----------+----------------------------------------+
; Port              ; Type   ; Severity ; Details                                ;
+-------------------+--------+----------+----------------------------------------+
; csr_address       ; Input  ; Info     ; Stuck at GND                           ;
; csr_read          ; Input  ; Info     ; Stuck at GND                           ;
; csr_write         ; Input  ; Info     ; Stuck at GND                           ;
; csr_readdata      ; Output ; Info     ; Explicitly unconnected                 ;
; csr_writedata     ; Input  ; Info     ; Stuck at GND                           ;
; almost_full_data  ; Output ; Info     ; Explicitly unconnected                 ;
; almost_empty_data ; Output ; Info     ; Explicitly unconnected                 ;
; in_startofpacket  ; Input  ; Info     ; Stuck at GND                           ;
; in_endofpacket    ; Input  ; Info     ; Stuck at GND                           ;
; out_startofpacket ; Output ; Info     ; Explicitly unconnected                 ;
; out_endofpacket   ; Output ; Info     ; Explicitly unconnected                 ;
; in_empty          ; Input  ; Info     ; Stuck at GND                           ;
; out_empty         ; Output ; Info     ; Explicitly unconnected                 ;
; in_error          ; Input  ; Info     ; Stuck at GND                           ;
; out_error         ; Output ; Info     ; Explicitly unconnected                 ;
; in_channel        ; Input  ; Info     ; Stuck at GND                           ;
; out_channel       ; Output ; Info     ; Explicitly unconnected                 ;
+-------------------+--------+----------+----------------------------------------+


+-----------------------------------------------------+
; Post-Synthesis Netlist Statistics for Top Partition ;
+-----------------------+-----------------------------+
; Type                  ; Count                       ;
+-----------------------+-----------------------------+
; boundary_port         ; 6                           ;
; cycloneiii_ff         ; 98                          ;
;     CLR               ; 7                           ;
;     ENA               ; 68                          ;
;     ENA CLR           ; 9                           ;
;     SCLR              ; 9                           ;
;     plain             ; 5                           ;
; cycloneiii_lcell_comb ; 109                         ;
;     arith             ; 3                           ;
;         2 data inputs ; 2                           ;
;         3 data inputs ; 1                           ;
;     normal            ; 106                         ;
;         1 data inputs ; 2                           ;
;         2 data inputs ; 11                          ;
;         3 data inputs ; 21                          ;
;         4 data inputs ; 72                          ;
;                       ;                             ;
; Max LUT depth         ; 6.00                        ;
; Average LUT depth     ; 3.13                        ;
+-----------------------+-----------------------------+


+-------------------------------+
; Elapsed Time Per Partition    ;
+----------------+--------------+
; Partition Name ; Elapsed Time ;
+----------------+--------------+
; Top            ; 00:00:00     ;
+----------------+--------------+


+-------------------------------+
; Analysis & Synthesis Messages ;
+-------------------------------+
Info: *******************************************************************
Info: Running Quartus Prime Analysis & Synthesis
    Info: Version 16.1.2 Build 203 01/18/2017 SJ Lite Edition
    Info: Processing started: Fri May 21 15:37:26 2021
Info: Command: quartus_map --read_settings_files=on --write_settings_files=off Lab2 -c Lab2
Info (20030): Parallel compilation is enabled and will use 2 of the 2 processors detected
Info (12021): Found 1 design units, including 1 entities, in source file lab2_1/synthesis/lab2_1.v
    Info (12023): Found entity 1: Lab2_1 File: C:/Intel_trn/Baraev/Q_PD/Lab2/Lab2_1/synthesis/Lab2_1.v Line: 6
Info (12021): Found 1 design units, including 1 entities, in source file lab2_1/synthesis/submodules/altera_avalon_sc_fifo.v
    Info (12023): Found entity 1: altera_avalon_sc_fifo File: C:/Intel_trn/Baraev/Q_PD/Lab2/Lab2_1/synthesis/submodules/altera_avalon_sc_fifo.v Line: 21
Info (12021): Found 1 design units, including 1 entities, in source file lab2_1/synthesis/submodules/myst_source.sv
    Info (12023): Found entity 1: MyST_source File: C:/Intel_trn/Baraev/Q_PD/Lab2/Lab2_1/synthesis/submodules/MyST_source.sv Line: 2
Info (12021): Found 1 design units, including 1 entities, in source file lab2_1/synthesis/submodules/myst_sink.sv
    Info (12023): Found entity 1: MyST_sink File: C:/Intel_trn/Baraev/Q_PD/Lab2/Lab2_1/synthesis/submodules/MyST_sink.sv Line: 2
Info (12021): Found 1 design units, including 1 entities, in source file lab2_top.sv
    Info (12023): Found entity 1: Lab2_top File: C:/Intel_trn/Baraev/Q_PD/Lab2/Lab2_top.sv Line: 2
Info (12127): Elaborating entity "Lab2_top" for the top level hierarchy
Info (12128): Elaborating entity "Lab2_1" for hierarchy "Lab2_1:Lab2_1_inst" File: C:/Intel_trn/Baraev/Q_PD/Lab2/Lab2_top.sv Line: 11
Info (12128): Elaborating entity "MyST_sink" for hierarchy "Lab2_1:Lab2_1_inst|MyST_sink:myst_sink_0" File: C:/Intel_trn/Baraev/Q_PD/Lab2/Lab2_1/synthesis/Lab2_1.v Line: 26
Info (12128): Elaborating entity "MyST_source" for hierarchy "Lab2_1:Lab2_1_inst|MyST_source:myst_source_0" File: C:/Intel_trn/Baraev/Q_PD/Lab2/Lab2_1/synthesis/Lab2_1.v Line: 34
Info (12128): Elaborating entity "altera_avalon_sc_fifo" for hierarchy "Lab2_1:Lab2_1_inst|altera_avalon_sc_fifo:sc_fifo_0" File: C:/Intel_trn/Baraev/Q_PD/Lab2/Lab2_1/synthesis/Lab2_1.v Line: 75
Info (276014): Found 1 instances of uninferred RAM logic
    Info (276004): RAM logic "Lab2_1:Lab2_1_inst|altera_avalon_sc_fifo:sc_fifo_0|mem" is uninferred due to inappropriate RAM size File: C:/Intel_trn/Baraev/Q_PD/Lab2/Lab2_1/synthesis/submodules/altera_avalon_sc_fifo.v Line: 108
Info (13000): Registers with preset signals will power-up high File: C:/Intel_trn/Baraev/Q_PD/Lab2/Lab2_1/synthesis/submodules/altera_avalon_sc_fifo.v Line: 123
Info (13003): DEV_CLRn pin will set, and not reset, register with preset signal due to NOT Gate Push-Back
Info (286030): Timing-Driven Synthesis is running
Info (16010): Generating hard_block partition "hard_block:auto_generated_inst"
    Info (16011): Adding 0 node(s), including 0 DDIO, 0 PLL, 0 transceiver and 0 LCELL
Info (21057): Implemented 190 device resources after synthesis - the final resource count might be different
    Info (21058): Implemented 2 input pins
    Info (21059): Implemented 4 output pins
    Info (21061): Implemented 184 logic cells
Info: Quartus Prime Analysis & Synthesis was successful. 0 errors, 1 warning
    Info: Peak virtual memory: 612 megabytes
    Info: Processing ended: Fri May 21 15:37:39 2021
    Info: Elapsed time: 00:00:13
    Info: Total CPU time (on all processors): 00:00:29


